[ 2025-01-02 19:32:19,856 ] 49 root - INFO - Setting up MLflow...
[ 2025-01-02 19:32:19,873 ] 58 root - INFO - MLflow setup completed with experiment: Medical Insurance Predictor
[ 2025-01-02 19:32:19,873 ] 89 root - INFO - Starting data ingestion...
[ 2025-01-02 19:32:23,152 ] 20 root - INFO - Data downloaded successfully to D:/My projects/Medical Insurane Predictor/data/raw_data\insurance.csv
[ 2025-01-02 19:32:23,154 ] 93 root - INFO - Starting data preprocessing...
[ 2025-01-02 19:32:23,194 ] 63 root - INFO - Loaded dataset with shape: (2772, 7)
[ 2025-01-02 19:32:23,223 ] 81 root - INFO - Processed data:
   age  sex     bmi  children  smoker  region      charges
0   19    0  27.900         0       1       3  16884.92400
1   18    1  33.770         1       0       2   1725.55230
2   28    1  33.000         3       0       2   4449.46200
3   33    1  22.705         0       0       1  21984.47061
4   32    1  28.880         0       0       1   3866.85520
[ 2025-01-02 19:32:23,238 ] 85 root - INFO - Data preprocessed and saved to D:/My projects/Medical Insurane Predictor/data/Processed_data\processed_data.csv
[ 2025-01-02 19:32:23,239 ] 97 root - INFO - Starting model training...
[ 2025-01-02 19:32:23,239 ] 74 root - INFO - Starting a new MLflow run...
[ 2025-01-02 19:32:25,084 ] 99 root - INFO - Active MLflow run ID: b569a61ca6ad4209b6b93471d02c6f40
[ 2025-01-02 19:32:27,462 ] 109 root - INFO - Data loaded successfully.
[ 2025-01-02 19:32:27,463 ] 111 root - INFO - Data shape: (2772, 7)
[ 2025-01-02 19:32:27,482 ] 112 root - INFO - Data sample:
   age  sex     bmi  children  smoker  region      charges
0   19    0  27.900         0       1       3  16884.92400
1   18    1  33.770         1       0       2   1725.55230
2   28    1  33.000         3       0       2   4449.46200
3   33    1  22.705         0       0       1  21984.47061
4   32    1  28.880         0       0       1   3866.85520
[ 2025-01-02 19:32:27,487 ] 116 root - INFO - Missing values handled.
[ 2025-01-02 19:32:27,493 ] 123 root - INFO - Categorical variables encoded.
[ 2025-01-02 19:32:27,714 ] 139 root - INFO - Model training completed.
[ 2025-01-02 19:32:27,723 ] 146 root - INFO - Model trained: RMSE = 6318.423803002623, R2 = 0.7398864322395977
[ 2025-01-02 19:32:36,921 ] 153 root - INFO - Model logged with MLflow.
[ 2025-01-02 19:32:37,024 ] 157 root - INFO - Model saved at D:/My projects/Medical Insurane Predictor/notebook/mlruns/models/insurance_price_predictor.pkl
[ 2025-01-02 19:32:37,025 ] 103 root - INFO - Process completed successfully.
